        -:    0:Source:/cygdrive/d/CODE/C/3/main.cpp
        -:    0:Graph:/cygdrive/d/CODE/C/3/cmake-build-debug-coverage/CMakeFiles/3.dir/main.cpp.gcno
        -:    0:Data:/cygdrive/d/CODE/C/3/cmake-build-debug-coverage/CMakeFiles/3.dir/main.cpp.gcda
        -:    0:Runs:1
        -:    1:#include <cstdio>
        -:    2:using namespace std;
        1:    3:int main(){
        -:    4:   char a[4];
        -:    5:   int b;
        -:    6:
        1:    7:}
        1:    7-block  0
        -:    8:
